<?xml version="1.0" encoding="UTF-8"?>
<!-- Generated by org.testng.reporters.JUnitReportReporter -->
<testsuite hostname="IN-2GY3FK3" failures="0" tests="1" name="tests.TestsExamples" time="1.682" errors="0" timestamp="2024-11-14T00:54:45 IST" skipped="0">
  <testcase classname="tests.TestsExamples" name="getEndpoint" time="1.682"/>
</testsuite> <!-- tests.TestsExamples -->
