<?xml version="1.0" encoding="UTF-8"?>
<!-- Generated by org.testng.reporters.JUnitReportReporter -->
<testsuite hostname="IN-2GY3FK3" failures="0" tests="1" name="tests.GetAndPostExamples" time="2.600" errors="0" timestamp="2024-09-27T16:41:53 IST" skipped="0">
  <testcase classname="tests.GetAndPostExamples" name="testPost" time="2.600"/>
</testsuite> <!-- tests.GetAndPostExamples -->
